Eventos do dia 29/07/2024
Archery - Men's Team
Artistic Gymnastics - Men's Team
Canoe Slalom - Men's Canoe Single
Cycling Mountain Bike - Men's Cross-country  
Diving - Men's Synchronised 10m Platform     
Equestrian - Eventing Individual
Equestrian - Eventing Team
Fencing - Men's Foil Individual
Fencing - Women's Sabre Individual
Judo - Men -73 kg
Judo - Women -57 kg
Shooting - 10m Air Rifle Men
Shooting - 10m Air Rifle Women
Skateboarding - Men's Street
Swimming - Men's 100m Backstroke
Swimming - Men's 200m Freestyle
Swimming - Women's 100m Breaststroke
Swimming - Women's 200m Freestyle
Swimming - Women's 400m Individual Medley    

Eventos do dia 28/07/2024
Archery - Women's Team
Canoe Slalom - Women's Kayak Single
Cycling Mountain Bike - Women's Cross-country
Fencing - Men's Epee Individual
Fencing - Women's Foil Individual
Judo - Men -66 kg
Judo - Women -52 kg
Shooting - 10m Air Pistol Men
Shooting - 10m Air Pistol Women
Skateboarding - Women's Street
Swimming - Men's 100m Breaststroke
Swimming - Men's 400m Individual Medley
Swimming - Women's 100m Butterfly

Eventos do dia 01/08/2024
Artistic Gymnastics - Women's All-Around
Athletics - Men's 20km Race Walk
Athletics - Women's 20km Race Walk
Canoe Slalom - Men's Kayak Single
Fencing - Women's Foil Team
Judo - Men -100 kg
Judo - Women -78 kg
Rowing - Men's Double Sculls
Rowing - Men's Four
Rowing - Women's Double Sculls
Rowing - Women's Four
Shooting - 50m Rifle 3 Positions Men
Swimming - Men's 200m Backstroke
Swimming - Women's 200m Breaststroke
Swimming - Women's 200m Butterfly
Swimming - Women's 4 x 200m Freestyle Relay

Eventos do dia 31/07/2024
Artistic Gymnastics - Men's All-Around
Canoe Slalom - Women's Canoe Single
Cycling BMX Freestyle - Men's Park
Cycling BMX Freestyle - Women's Park
Diving - Women's Synchronised 10m Platform
Fencing - Men's Sabre Team
Judo - Men -90 kg
Judo - Women -70 kg
Rowing - Men's Quadruple Sculls
Rowing - Women's Quadruple Sculls
Shooting - Trap Women
Swimming - Men's 100m Freestyle
Swimming - Men's 200m Breaststroke
Swimming - Men's 200m Butterfly
Swimming - Women's 100m Freestyle
Swimming - Women's 1500m Freestyle
Triathlon - Men's Individual
Triathlon - Women's Individual

Eventos do dia 06/08/2024
Athletics - Men's 1500m
Athletics - Men's Long Jump
Athletics - Women's 200m
Athletics - Women's 3000m Steeplechase
Athletics - Women's Hammer Throw
Boxing - Men's 71kg
Boxing - Women's 50kg
Boxing - Women's 60kg
Boxing - Women's 66kg
Cycling Track - Men's Team Sprint
Diving - Women's 10m Platform
Equestrian - Jumping Individual
Skateboarding - Women's Park
Wrestling - Men's Greco-Roman 130kg
Wrestling - Men's Greco-Roman 60kg
Wrestling - Women's Freestyle 68kg

Eventos do dia 02/08/2024
Archery - Mixed Team
Athletics - Men's 10.000m
Badminton - Mixed Doubles
Cycling BMX Racing - Men
Cycling BMX Racing - Women
Diving - Men's Synchronised 3m Springboard
Equestrian - Jumping Team
Fencing - Men's Epee Team
Judo - Men +100 kg
Judo - Women +78 kg
Rowing - Lightweight Men's Double Sculls
Rowing - Lightweight Women's Double Sculls
Rowing - Men's Pair
Rowing - Women's Pair
Sailing - Men's Skiff
Sailing - Women's Skiff
Shooting - 50m Rifle 3 Positions Women
Swimming - Men's 200m Individual Medley
Swimming - Men's 50m Freestyle
Swimming - Women's 200m Backstroke
Tennis - Mixed Doubles
Tennis - Women's Singles
Trampoline Gymnastics - Men
Trampoline Gymnastics - Women

Eventos do dia 03/08/2024
Archery - Women's Individual
Artistic Gymnastics - Men's Floor Exercise
Artistic Gymnastics - Men's Pommel Horse
Artistic Gymnastics - Women's Vault
Athletics - 4 x 400m Relay Mixed
Athletics - Men's Decathlon
Athletics - Men's Shot Put
Athletics - Women's 100m
Athletics - Women's Triple Jump
Badminton - Women's Doubles
Boxing - Women's 60kg
Cycling Road - Men's Road Race
Equestrian - Dressage Team
Fencing - Women's Sabre Team
Judo - Mixed Team
Rowing - Men's Eight
Rowing - Men's Single Sculls
Rowing - Women's Eight
Rowing - Women's Single Sculls
Sailing - Men's Windsurfing
Sailing - Women's Windsurfing
Shooting - 25m Pistol Women
Shooting - Skeet Men
Swimming - Men's 100m Butterfly
Swimming - Mixed 4 x 100m Medley Relay
Swimming - Women's 200m Individual Medley
Swimming - Women's 800m Freestyle
Table Tennis - Women's Singles
Tennis - Men's Doubles
Tennis - Men's Singles
Tennis - Women's Singles

Eventos do dia 04/08/2024
Archery - Men's Individual
Artistic Gymnastics - Men's Rings
Artistic Gymnastics - Men's Vault
Artistic Gymnastics - Women's Uneven Bars
Athletics - Men's 100m
Athletics - Men's Hammer Throw
Athletics - Women's High Jump
Badminton - Men's Doubles
Badminton - Women's Singles
Boxing - Men's 51kg
Boxing - Men's 63.5kg
Boxing - Men's 80kg
Boxing - Men's 92kg
Boxing - Women's 54kg
Cycling Road - Women's Road Race
Equestrian - Dressage Individual
Fencing - Men's Foil Team
Golf - Men's Individual Stroke Play
Shooting - Skeet Women
Swimming - Men's 1500m Freestyle
Swimming - Men's 4 x 100m Medley Relay
Swimming - Women's 4 x 100m Medley Relay
Swimming - Women's 50m Freestyle
Table Tennis - Men's Singles
Tennis - Men's Singles
Tennis - Women's Doubles

Eventos do dia 07/08/2024
Artistic Swimming - Team
Athletics - Marathon Race Walk Relay Mixed
Athletics - Men's 3000m Steeplechase
Athletics - Men's 400m
Athletics - Men's Discus Throw
Athletics - Women's Pole Vault
Boxing - Men's +92kg
Boxing - Men's 63.5kg
Boxing - Men's 80kg
Boxing - Women's 57kg
Cycling Track - Men's Team Pursuit
Cycling Track - Women's Team Pursuit
Sailing - Men's Dinghy
Sailing - Women's Dinghy
Skateboarding - Men's Park
Sport Climbing - Women's Speed
Taekwondo - Men -58kg
Taekwondo - Women -49kg
Weightlifting - Men's 61kg
Weightlifting - Women's 49kg
Wrestling - Men's Greco-Roman 77kg
Wrestling - Men's Greco-Roman 97kg
Wrestling - Women's Freestyle 50kg

Eventos do dia 10/08/2024
Artistic Swimming - Duet
Athletics - Men's 4 x 400m Relay
Athletics - Men's 5000m
Athletics - Men's 800m
Athletics - Men's High Jump
Athletics - Men's Marathon
Athletics - Women's 100m Hurdles
Athletics - Women's 1500m
Athletics - Women's 4 x 400m Relay
Athletics - Women's Javelin Throw
Basketball - Men
Beach Volleyball - Men
Boxing - Men's +92kg
Boxing - Men's 57kg
Boxing - Women's 57kg
Boxing - Women's 75kg
Breaking - B-Boys
Canoe Sprint - Men's Kayak Single 1000m
Canoe Sprint - Women's Canoe Single 200m
Canoe Sprint - Women's Kayak Single 500m
Cycling Track - Men's Madison
Diving - Men's 10m Platform
Football - Women
Golf - Women's Individual Stroke Play
Handball - Women
Modern Pentathlon - Men's Individual
Rhythmic Gymnastics - Group All-Around
Sport Climbing - Women's Boulder & Lead
Table Tennis - Women's Team
Taekwondo - Men +80kg
Taekwondo - Women +67kg
Volleyball - Men
Volleyball - Women
Water Polo - Women
Weightlifting - Men's +102kg
Weightlifting - Men's 102kg
Weightlifting - Women's 81kg
Wrestling - Men's Freestyle 125kg
Wrestling - Men's Freestyle 74kg
Wrestling - Women's Freestyle 62kg