Eventos do dia 29/07/2024
Archery - Men's Team
Artistic Gymnastics - Men's Team
Canoe Slalom - Men's Canoe Single
Cycling Mountain Bike - Men's Cross-country
Diving - Men's Synchronised 10m Platform   
Equestrian - Eventing Individual
Equestrian - Eventing Team
Fencing - Men's Foil Individual
Fencing - Women's Sabre Individual
Judo - Men -73 kg
Judo - Women -57 kg
Shooting - 10m Air Rifle Men
Shooting - 10m Air Rifle Women
Skateboarding - Men's Street
Swimming - Men's 100m Backstroke
Swimming - Men's 200m Freestyle
Swimming - Women's 100m Breaststroke       
Swimming - Women's 200m Freestyle
Swimming - Women's 400m Individual Medley  

Eventos do dia 28/07/2024
Archery - Women's Team
Canoe Slalom - Women's Kayak Single
Cycling Mountain Bike - Women's Cross-country
Fencing - Men's Epee Individual
Fencing - Women's Foil Individual
Judo - Men -66 kg
Judo - Women -52 kg
Shooting - 10m Air Pistol Men
Shooting - 10m Air Pistol Women
Skateboarding - Women's Street
Swimming - Men's 100m Breaststroke
Swimming - Men's 400m Individual Medley
Swimming - Women's 100m Butterfly

Eventos do dia 01/08/2024
Artistic Gymnastics - Women's All-Around
Athletics - Men's 20km Race Walk
Athletics - Women's 20km Race Walk
Canoe Slalom - Men's Kayak Single
Fencing - Women's Foil Team
Judo - Men -100 kg
Judo - Women -78 kg
Rowing - Men's Double Sculls
Rowing - Men's Four
Rowing - Women's Double Sculls
Rowing - Women's Four
Shooting - 50m Rifle 3 Positions Men
Swimming - Men's 200m Backstroke
Swimming - Women's 200m Breaststroke
Swimming - Women's 200m Butterfly
Swimming - Women's 4 x 200m Freestyle Relay

Eventos do dia 31/07/2024
Artistic Gymnastics - Men's All-Around
Canoe Slalom - Women's Canoe Single
Cycling BMX Freestyle - Men's Park
Cycling BMX Freestyle - Women's Park
Diving - Women's Synchronised 10m Platform
Fencing - Men's Sabre Team
Judo - Men -90 kg
Judo - Women -70 kg
Rowing - Men's Quadruple Sculls
Rowing - Women's Quadruple Sculls
Shooting - Trap Women
Swimming - Men's 100m Freestyle
Swimming - Men's 200m Breaststroke
Swimming - Men's 200m Butterfly
Swimming - Women's 100m Freestyle
Swimming - Women's 1500m Freestyle
Triathlon - Men's Individual
Triathlon - Women's Individual

Eventos do dia 06/08/2024
Athletics - Men's 1500m
Athletics - Men's Long Jump
Athletics - Women's 200m
Athletics - Women's 3000m Steeplechase
Athletics - Women's Hammer Throw
Boxing - Men's 71kg
Boxing - Women's 50kg
Boxing - Women's 60kg
Boxing - Women's 66kg
Cycling Track - Men's Team Sprint
Diving - Women's 10m Platform
Equestrian - Jumping Individual
Skateboarding - Women's Park
Wrestling - Men's Greco-Roman 130kg
Wrestling - Men's Greco-Roman 60kg
Wrestling - Women's Freestyle 68kg